<?xml version="1.0" encoding="UTF-8"?>
<!-- Generated by org.testng.reporters.JUnitXMLReporter -->
<testsuite ignored="0" hostname="ASPIRE" failures="0" tests="2" name="EdgeTest" time="69.365" errors="0" timestamp="2026-07-19T23:07:52 IST">
  <testcase classname="testCases.TC02_BetaLogs" name="chargerLogs" time="0.0">
    <skipped/>
  </testcase> <!-- chargerLogs -->
  <testcase classname="testCases.TC04_Permissions" name="Permission" time="0.0">
    <skipped/>
  </testcase> <!-- Permission -->
</testsuite> <!-- EdgeTest -->
