<?xml version="1.0" encoding="UTF-8"?>
<!-- Generated by org.testng.reporters.JUnitXMLReporter -->
<testsuite ignored="0" hostname="ASPIRE" failures="0" tests="1" name="SmokeTest" time="0.104" errors="0" timestamp="2026-05-03T22:28:42 IST">
  <testcase classname="testBase.BaseClass" name="@BeforeClass setup" time="-1.777827522229E9">
    <failure type="org.testng.TestNGException" message="
Parameter &amp;apos;browser&amp;apos; is required by BeforeClass on method setup but has not been marked @Optional or defined
in C:\Workspace\HeroVidaAutomationParallelDocker\testng.xml">
      <![CDATA[org.testng.TestNGException: 
Parameter 'browser' is required by BeforeClass on method setup but has not been marked @Optional or defined
in C:\Workspace\HeroVidaAutomationParallelDocker\testng.xml
at java.base/java.util.ArrayList.forEach(ArrayList.java:1597)
... Removed 22 stack frames]]>
    </failure>
  </testcase> <!-- @BeforeClass setup -->
  <testcase classname="testBase.BaseClass" name="@AfterClass tearDown" time="0.006">
    <failure type="java.lang.NullPointerException" message="Cannot invoke &amp;quot;org.openqa.selenium.WebDriver.quit()&amp;quot; because the return value of &amp;quot;testBase.BaseClass.getDriver()&amp;quot; is null">
      <![CDATA[java.lang.NullPointerException: Cannot invoke "org.openqa.selenium.WebDriver.quit()" because the return value of "testBase.BaseClass.getDriver()" is null
at testBase.BaseClass.tearDown(BaseClass.java:89)
at java.base/java.util.ArrayList.forEach(ArrayList.java:1597)
... Removed 24 stack frames]]>
    </failure>
  </testcase> <!-- @AfterClass tearDown -->
  <testcase classname="testCases.TC02_BetaLogs" name="chargerLogs" time="0.0">
    <skipped/>
  </testcase> <!-- chargerLogs -->
</testsuite> <!-- SmokeTest -->
