<?xml version="1.0" encoding="UTF-8"?>
<!-- Generated by org.testng.reporters.JUnitXMLReporter -->
<testsuite ignored="3" hostname="ASPIRE" failures="0" tests="2" name="SmokeTest" time="0.208" errors="0" timestamp="2025-12-14T16:34:17 IST">
  <testcase classname="testBase.BaseClass" name="@BeforeMethod setup" time="-1.765710257127E9">
    <failure type="org.testng.TestNGException" message="
Parameter &amp;apos;browser&amp;apos; is required by BeforeMethod on method setup but has not been marked @Optional or defined
in C:\Workspace\HeroVidaAutomationParallelDocker\testng.xml">
      <![CDATA[org.testng.TestNGException: 
Parameter 'browser' is required by BeforeMethod on method setup but has not been marked @Optional or defined
in C:\Workspace\HeroVidaAutomationParallelDocker\testng.xml
at java.base/java.util.ArrayList.forEach(ArrayList.java:1597)
... Removed 28 stack frames]]>
    </failure>
  </testcase> <!-- @BeforeMethod setup -->
  <testcase classname="testBase.BaseClass" name="@AfterMethod tearDown" time="0.011">
    <failure type="java.lang.NullPointerException" message="Cannot invoke &amp;quot;org.openqa.selenium.WebDriver.quit()&amp;quot; because the return value of &amp;quot;testBase.BaseClass.getDriver()&amp;quot; is null">
      <![CDATA[java.lang.NullPointerException: Cannot invoke "org.openqa.selenium.WebDriver.quit()" because the return value of "testBase.BaseClass.getDriver()" is null
at testBase.BaseClass.tearDown(BaseClass.java:80)
at java.base/java.util.ArrayList.forEach(ArrayList.java:1597)
... Removed 30 stack frames]]>
    </failure>
  </testcase> <!-- @AfterMethod tearDown -->
  <testcase classname="testBase.BaseClass" name="@BeforeMethod setup" time="-1.765710257228E9">
    <failure type="org.testng.TestNGException" message="
Parameter &amp;apos;browser&amp;apos; is required by BeforeMethod on method setup but has not been marked @Optional or defined
in C:\Workspace\HeroVidaAutomationParallelDocker\testng.xml">
      <![CDATA[org.testng.TestNGException: 
Parameter 'browser' is required by BeforeMethod on method setup but has not been marked @Optional or defined
in C:\Workspace\HeroVidaAutomationParallelDocker\testng.xml
at java.base/java.util.ArrayList.forEach(ArrayList.java:1597)
... Removed 28 stack frames]]>
    </failure>
  </testcase> <!-- @BeforeMethod setup -->
  <testcase classname="testBase.BaseClass" name="@AfterMethod tearDown" time="0.002">
    <failure type="java.lang.NullPointerException" message="Cannot invoke &amp;quot;org.openqa.selenium.WebDriver.quit()&amp;quot; because the return value of &amp;quot;testBase.BaseClass.getDriver()&amp;quot; is null">
      <![CDATA[java.lang.NullPointerException: Cannot invoke "org.openqa.selenium.WebDriver.quit()" because the return value of "testBase.BaseClass.getDriver()" is null
at testBase.BaseClass.tearDown(BaseClass.java:80)
at java.base/java.util.ArrayList.forEach(ArrayList.java:1597)
... Removed 30 stack frames]]>
    </failure>
  </testcase> <!-- @AfterMethod tearDown -->
  <testcase classname="testCases.TC04_Permissions" name="Permission" time="0.0">
    <skipped/>
  </testcase> <!-- Permission -->
  <testcase classname="testCases.TC05_RoamingSession" name="Session" time="0.001">
    <skipped/>
  </testcase> <!-- Session -->
  <testcase classname="testCases.TC03_Sessions" name="Session" time="0.0">
    <ignored/>
  </testcase> <!-- Session -->
  <testcase classname="testCases.TC02_BetaLogs" name="chargerLogs" time="0.0">
    <ignored/>
  </testcase> <!-- chargerLogs -->
  <testcase classname="testCases.TC01_Login" name="login" time="0.0">
    <ignored/>
  </testcase> <!-- login -->
</testsuite> <!-- SmokeTest -->
