<?xml version="1.0" encoding="UTF-8"?>
<!-- Generated by org.testng.reporters.JUnitXMLReporter -->
<testsuite ignored="11" hostname="ASPIRE" failures="0" tests="2" name="Test" time="18.013" errors="0" timestamp="2025-11-24T08:16:08 IST">
  <testcase classname="testCases.TC01_Login" name="login" time="3.789"/>
  <testcase classname="testCases.TC05_RoamingSession" name="Session" time="14.142"/>
  <testcase classname="testCases.TC03_Sessions" name="Session" time="0.0">
    <ignored/>
  </testcase> <!-- Session -->
  <testcase classname="testBase.BaseClass" name="@BeforeSuite setup" time="0.0">
    <ignored/>
  </testcase> <!-- @BeforeSuite setup -->
  <testcase classname="testCases.TC04_Permissions" name="Permission" time="0.0">
    <ignored/>
  </testcase> <!-- Permission -->
  <testcase classname="testBase.BaseClass" name="@AfterSuite teardown" time="0.0">
    <ignored/>
  </testcase> <!-- @AfterSuite teardown -->
  <testcase classname="testBase.BaseClass" name="@AfterSuite teardown" time="0.0">
    <ignored/>
  </testcase> <!-- @AfterSuite teardown -->
  <testcase classname="testCases.TC02_BetaLogs" name="chargerLogs" time="0.0">
    <ignored/>
  </testcase> <!-- chargerLogs -->
  <testcase classname="testBase.BaseClass" name="@AfterSuite teardown" time="0.0">
    <ignored/>
  </testcase> <!-- @AfterSuite teardown -->
  <testcase classname="testBase.BaseClass" name="@AfterSuite teardown" time="0.0">
    <ignored/>
  </testcase> <!-- @AfterSuite teardown -->
  <testcase classname="testBase.BaseClass" name="@BeforeSuite setup" time="0.0">
    <ignored/>
  </testcase> <!-- @BeforeSuite setup -->
  <testcase classname="testBase.BaseClass" name="@BeforeSuite setup" time="0.0">
    <ignored/>
  </testcase> <!-- @BeforeSuite setup -->
  <testcase classname="testBase.BaseClass" name="@BeforeSuite setup" time="0.0">
    <ignored/>
  </testcase> <!-- @BeforeSuite setup -->
</testsuite> <!-- Test -->
