<?xml version="1.0" encoding="UTF-8"?>
<testsuite xmlns:xsi="http://www.w3.org/2001/XMLSchema-instance" xsi:noNamespaceSchemaLocation="https://maven.apache.org/surefire/maven-surefire-plugin/xsd/surefire-test-report-3.0.xsd" version="3.0" name="TestSuite" time="36.358" tests="2" errors="0" skipped="0" failures="0">
  <properties>
[...]
</properties>
  <testcase name="Permission" classname="testCases.TC04_Permissions" time="15.961">
    <system-out><![CDATA[08:01:54 [INFO] LoginPage - Initialized Page: LoginPage
08:01:55 [INFO] LoginPage - Attempting login with userID: Abhishek
08:01:56 [INFO] LoginPage - Attempting login with password: Vidaabhi@123
08:01:56 [INFO] LoginPage - Attempting login by clicking login button
08:01:58 [INFO] LoginPage - Initialized Page: LoginPage
08:01:59 [INFO] LoginPage - Attempting login with userID: Automatic
08:01:59 [INFO] LoginPage - Attempting login with password: Automatic@321
08:01:59 [INFO] LoginPage - Attempting login by clicking login button
08:02:01 [INFO] HomePage - Initialized Page: HomePage
08:02:05 [INFO] HomePage - Initialized Page: HomePage
08:02:09 [INFO] RoamingSessionPage - Initialized Page: RoamingSessionPage
08:02:12 [INFO] ManagePermissionPage - Initialized Page: ManagePermissionPage
Session= 28
Start Session= 28
Registered VINs
]]></system-out>
    <system-err><![CDATA[SLF4J(W): No SLF4J providers were found.
SLF4J(W): Defaulting to no-operation (NOP) logger implementation
SLF4J(W): See https://www.slf4j.org/codes.html#noProviders for further details.
Dec 15, 2025 8:01:47 AM org.openqa.selenium.remote.tracing.opentelemetry.OpenTelemetryTracer createTracer
INFO: Using OpenTelemetry for tracing
]]></system-err>
  </testcase>
  <testcase name="Session" classname="testCases.TC05_RoamingSession" time="16.683">
    <system-out><![CDATA[Stop Session= 26
]]></system-out>
  </testcase>
</testsuite>