<?xml version="1.0" encoding="UTF-8"?>
<testng-results ignored="0" total="2" passed="2" failed="0" skipped="0">
  <reporter-output>
  </reporter-output>
  <suite started-at="2025-12-15T08:01:47 IST" name="Parallel-Suite" finished-at="2025-12-15T08:02:22 IST" duration-ms="34604">
    <groups>
      <group name="Sanity">
        <method signature="TC04_Permissions.Permission()[pri:0, instance:testCases.TC04_Permissions@50029372]" name="Permission" class="testCases.TC04_Permissions"/>
      </group> <!-- Sanity -->
      <group name="Regression">
        <method signature="TC05_RoamingSession.Session()[pri:0, instance:testCases.TC05_RoamingSession@5dafbe45]" name="Session" class="testCases.TC05_RoamingSession"/>
        <method signature="TC04_Permissions.Permission()[pri:0, instance:testCases.TC04_Permissions@50029372]" name="Permission" class="testCases.TC04_Permissions"/>
      </group> <!-- Regression -->
      <group name="Smoke">
        <method signature="TC05_RoamingSession.Session()[pri:0, instance:testCases.TC05_RoamingSession@5dafbe45]" name="Session" class="testCases.TC05_RoamingSession"/>
      </group> <!-- Smoke -->
    </groups>
    <test started-at="2025-12-15T08:01:47 IST" name="EdgeTest" finished-at="2025-12-15T08:02:21 IST" duration-ms="33694">
      <class name="testCases.TC04_Permissions">
        <test-method is-config="true" signature="setup(java.lang.String,java.lang.String,java.lang.String)[pri:0, instance:testCases.TC04_Permissions@50029372]" started-at="2025-12-15T08:01:47 IST" name="setup" finished-at="2025-12-15T08:02:05 IST" duration-ms="17525" status="PASS">
          <params>
            <param index="0">
              <value>
                <![CDATA[edge]]>
              </value>
            </param>
            <param index="1">
              <value>
                <![CDATA[Automatic]]>
              </value>
            </param>
            <param index="2">
              <value>
                <![CDATA[Automatic@321]]>
              </value>
            </param>
          </params>
          <reporter-output>
          </reporter-output>
        </test-method> <!-- setup -->
        <test-method signature="Permission()[pri:0, instance:testCases.TC04_Permissions@50029372]" started-at="2025-12-15T08:02:05 IST" name="Permission" finished-at="2025-12-15T08:02:21 IST" duration-ms="15932" status="PASS">
          <reporter-output>
          </reporter-output>
        </test-method> <!-- Permission -->
        <test-method is-config="true" signature="tearDown()[pri:0, instance:testCases.TC04_Permissions@50029372]" started-at="2025-12-15T08:02:21 IST" name="tearDown" finished-at="2025-12-15T08:02:21 IST" duration-ms="163" status="PASS">
          <reporter-output>
          </reporter-output>
        </test-method> <!-- tearDown -->
      </class> <!-- testCases.TC04_Permissions -->
    </test> <!-- EdgeTest -->
    <test started-at="2025-12-15T08:01:47 IST" name="ChromeTest" finished-at="2025-12-15T08:02:22 IST" duration-ms="34604">
      <class name="testCases.TC05_RoamingSession">
        <test-method is-config="true" signature="setup(java.lang.String,java.lang.String,java.lang.String)[pri:0, instance:testCases.TC05_RoamingSession@5dafbe45]" started-at="2025-12-15T08:01:47 IST" name="setup" finished-at="2025-12-15T08:02:01 IST" duration-ms="13650" status="PASS">
          <params>
            <param index="0">
              <value>
                <![CDATA[chrome]]>
              </value>
            </param>
            <param index="1">
              <value>
                <![CDATA[Abhishek]]>
              </value>
            </param>
            <param index="2">
              <value>
                <![CDATA[Vidaabhi@123]]>
              </value>
            </param>
          </params>
          <reporter-output>
          </reporter-output>
        </test-method> <!-- setup -->
        <test-method signature="Session()[pri:0, instance:testCases.TC05_RoamingSession@5dafbe45]" started-at="2025-12-15T08:02:01 IST" name="Session" finished-at="2025-12-15T08:02:21 IST" duration-ms="20516" status="PASS">
          <reporter-output>
          </reporter-output>
        </test-method> <!-- Session -->
        <test-method is-config="true" signature="tearDown()[pri:0, instance:testCases.TC05_RoamingSession@5dafbe45]" started-at="2025-12-15T08:02:21 IST" name="tearDown" finished-at="2025-12-15T08:02:22 IST" duration-ms="357" status="PASS">
          <reporter-output>
          </reporter-output>
        </test-method> <!-- tearDown -->
      </class> <!-- testCases.TC05_RoamingSession -->
    </test> <!-- ChromeTest -->
  </suite> <!-- Parallel-Suite -->
</testng-results>
