<?xml version="1.0" encoding="UTF-8"?>
<testng-results ignored="0" total="4" passed="4" failed="0" skipped="0">
  <reporter-output>
  </reporter-output>
  <suite started-at="2026-05-10T15:32:22 IST" name="Parallel-Suite" finished-at="2026-05-10T15:33:11 IST" duration-ms="48225">
    <groups>
      <group name="Sanity">
        <method signature="TC04_Permissions.Permission()[pri:0, instance:testCases.TC04_Permissions@34b9f960]" name="Permission" class="testCases.TC04_Permissions"/>
        <method signature="TC02_BetaLogs.chargerLogs()[pri:0, instance:testCases.TC02_BetaLogs@1827a871]" name="chargerLogs" class="testCases.TC02_BetaLogs"/>
        <method signature="TC04_Permissions.Permission()[pri:0, instance:testCases.TC04_Permissions@48e64352]" name="Permission" class="testCases.TC04_Permissions"/>
      </group> <!-- Sanity -->
      <group name="Regression">
        <method signature="TC04_Permissions.Permission()[pri:0, instance:testCases.TC04_Permissions@34b9f960]" name="Permission" class="testCases.TC04_Permissions"/>
        <method signature="TC05_RoamingSession.Session()[pri:0, instance:testCases.TC05_RoamingSession@5e17553a]" name="Session" class="testCases.TC05_RoamingSession"/>
        <method signature="TC02_BetaLogs.chargerLogs()[pri:0, instance:testCases.TC02_BetaLogs@1827a871]" name="chargerLogs" class="testCases.TC02_BetaLogs"/>
        <method signature="TC04_Permissions.Permission()[pri:0, instance:testCases.TC04_Permissions@48e64352]" name="Permission" class="testCases.TC04_Permissions"/>
      </group> <!-- Regression -->
      <group name="Smoke">
        <method signature="TC05_RoamingSession.Session()[pri:0, instance:testCases.TC05_RoamingSession@5e17553a]" name="Session" class="testCases.TC05_RoamingSession"/>
        <method signature="TC02_BetaLogs.chargerLogs()[pri:0, instance:testCases.TC02_BetaLogs@1827a871]" name="chargerLogs" class="testCases.TC02_BetaLogs"/>
      </group> <!-- Smoke -->
    </groups>
    <test started-at="2026-05-10T15:32:22 IST" name="EdgeTest" finished-at="2026-05-10T15:33:01 IST" duration-ms="38924">
      <class name="testCases.TC02_BetaLogs">
        <test-method is-config="true" signature="setup(java.lang.String,java.lang.String,java.lang.String)[pri:0, instance:testCases.TC02_BetaLogs@1827a871]" started-at="2026-05-10T15:32:22 IST" name="setup" finished-at="2026-05-10T15:32:37 IST" duration-ms="14871" status="PASS">
          <params>
            <param index="0">
              <value>
                <![CDATA[edge]]>
              </value>
            </param>
            <param index="1">
              <value>
                <![CDATA[Automatic]]>
              </value>
            </param>
            <param index="2">
              <value>
                <![CDATA[Automatic@123]]>
              </value>
            </param>
          </params>
          <reporter-output>
          </reporter-output>
        </test-method> <!-- setup -->
        <test-method signature="chargerLogs()[pri:0, instance:testCases.TC02_BetaLogs@1827a871]" started-at="2026-05-10T15:32:37 IST" name="chargerLogs" finished-at="2026-05-10T15:32:44 IST" duration-ms="7130" status="PASS">
          <reporter-output>
          </reporter-output>
        </test-method> <!-- chargerLogs -->
        <test-method is-config="true" signature="tearDown()[pri:0, instance:testCases.TC02_BetaLogs@1827a871]" started-at="2026-05-10T15:32:44 IST" name="tearDown" finished-at="2026-05-10T15:32:45 IST" duration-ms="191" status="PASS">
          <reporter-output>
          </reporter-output>
        </test-method> <!-- tearDown -->
      </class> <!-- testCases.TC02_BetaLogs -->
      <class name="testCases.TC04_Permissions">
        <test-method is-config="true" signature="setup(java.lang.String,java.lang.String,java.lang.String)[pri:0, instance:testCases.TC04_Permissions@48e64352]" started-at="2026-05-10T15:32:45 IST" name="setup" finished-at="2026-05-10T15:32:52 IST" duration-ms="7160" status="PASS">
          <params>
            <param index="0">
              <value>
                <![CDATA[edge]]>
              </value>
            </param>
            <param index="1">
              <value>
                <![CDATA[Automatic]]>
              </value>
            </param>
            <param index="2">
              <value>
                <![CDATA[Automatic@123]]>
              </value>
            </param>
          </params>
          <reporter-output>
          </reporter-output>
        </test-method> <!-- setup -->
        <test-method signature="Permission()[pri:0, instance:testCases.TC04_Permissions@48e64352]" started-at="2026-05-10T15:32:52 IST" name="Permission" finished-at="2026-05-10T15:33:01 IST" duration-ms="9376" status="PASS">
          <reporter-output>
          </reporter-output>
        </test-method> <!-- Permission -->
        <test-method is-config="true" signature="tearDown()[pri:0, instance:testCases.TC04_Permissions@48e64352]" started-at="2026-05-10T15:33:01 IST" name="tearDown" finished-at="2026-05-10T15:33:01 IST" duration-ms="107" status="PASS">
          <reporter-output>
          </reporter-output>
        </test-method> <!-- tearDown -->
      </class> <!-- testCases.TC04_Permissions -->
    </test> <!-- EdgeTest -->
    <test started-at="2026-05-10T15:32:22 IST" name="ChromeTest" finished-at="2026-05-10T15:33:11 IST" duration-ms="48225">
      <class name="testCases.TC05_RoamingSession">
        <test-method is-config="true" signature="setup(java.lang.String,java.lang.String,java.lang.String)[pri:0, instance:testCases.TC05_RoamingSession@5e17553a]" started-at="2026-05-10T15:32:22 IST" name="setup" finished-at="2026-05-10T15:32:38 IST" duration-ms="15702" status="PASS">
          <params>
            <param index="0">
              <value>
                <![CDATA[chrome]]>
              </value>
            </param>
            <param index="1">
              <value>
                <![CDATA[Abhishek]]>
              </value>
            </param>
            <param index="2">
              <value>
                <![CDATA[Vida@123]]>
              </value>
            </param>
          </params>
          <reporter-output>
          </reporter-output>
        </test-method> <!-- setup -->
        <test-method signature="Session()[pri:0, instance:testCases.TC05_RoamingSession@5e17553a]" started-at="2026-05-10T15:32:38 IST" name="Session" finished-at="2026-05-10T15:32:56 IST" duration-ms="17452" status="PASS">
          <reporter-output>
          </reporter-output>
        </test-method> <!-- Session -->
        <test-method is-config="true" signature="tearDown()[pri:0, instance:testCases.TC05_RoamingSession@5e17553a]" started-at="2026-05-10T15:32:56 IST" name="tearDown" finished-at="2026-05-10T15:32:56 IST" duration-ms="158" status="PASS">
          <reporter-output>
          </reporter-output>
        </test-method> <!-- tearDown -->
      </class> <!-- testCases.TC05_RoamingSession -->
      <class name="testCases.TC04_Permissions">
        <test-method is-config="true" signature="setup(java.lang.String,java.lang.String,java.lang.String)[pri:0, instance:testCases.TC04_Permissions@34b9f960]" started-at="2026-05-10T15:32:56 IST" name="setup" finished-at="2026-05-10T15:33:04 IST" duration-ms="7875" status="PASS">
          <params>
            <param index="0">
              <value>
                <![CDATA[chrome]]>
              </value>
            </param>
            <param index="1">
              <value>
                <![CDATA[Abhishek]]>
              </value>
            </param>
            <param index="2">
              <value>
                <![CDATA[Vida@123]]>
              </value>
            </param>
          </params>
          <reporter-output>
          </reporter-output>
        </test-method> <!-- setup -->
        <test-method signature="Permission()[pri:0, instance:testCases.TC04_Permissions@34b9f960]" started-at="2026-05-10T15:33:04 IST" name="Permission" finished-at="2026-05-10T15:33:10 IST" duration-ms="6886" status="PASS">
          <reporter-output>
          </reporter-output>
        </test-method> <!-- Permission -->
        <test-method is-config="true" signature="tearDown()[pri:0, instance:testCases.TC04_Permissions@34b9f960]" started-at="2026-05-10T15:33:11 IST" name="tearDown" finished-at="2026-05-10T15:33:11 IST" duration-ms="114" status="PASS">
          <reporter-output>
          </reporter-output>
        </test-method> <!-- tearDown -->
      </class> <!-- testCases.TC04_Permissions -->
    </test> <!-- ChromeTest -->
  </suite> <!-- Parallel-Suite -->
</testng-results>
